Active-HDL 13.0.375.8320 2023-07-01 12:30:58

Elaboration top modules:
Architecture                  Behavioral(nmd)


-------------------------------------------------------------------------------------------
Entity   | Architecture | Library | Info | Compiler Version          | Compilation Options
-------------------------------------------------------------------------------------------
nmd      | Behavioral   | hw3     |      | 13.0.375.8320 (Windows64) | -O3
-------------------------------------------------------------------------------------------

-------------------------------------------------------------------------------------------
VHDL Package            | Library | Info | Compiler Version          | Compilation Options
-------------------------------------------------------------------------------------------
standard                | std     |      |                           | <unavailable>
TEXTIO                  | std     |      | 13.0.375.8320 (Windows64) |  -2019
ENV                     | std     |      | 13.0.375.8320 (Windows64) |  -2019
std_logic_1164          | ieee    |      | 13.0.375.8320 (Windows64) |  -2008
NUMERIC_STD             | ieee    |      | 13.0.375.8320 (Windows64) |  -2008
MATH_REAL               | ieee    |      | 13.0.375.8320 (Windows64) | <unavailable>
my_matrix               | hw3     |      | 13.0.375.8320 (Windows64) | -O3
-------------------------------------------------------------------------------------------

-------------------------------------------------------------------------------------------
Library                 | Comment
-------------------------------------------------------------------------------------------
hw3                     | None
ieee                    | Standard IEEE packages library
std                     | Standard VHDL library
-------------------------------------------------------------------------------------------
