Active-HDL 13.0.375.8320 2023-05-26 16:38:46

Elaboration top modules:
Architecture                  TB_ARCHITECTURE(q5_tb)


----------------------------------------------------------------------------------------------
Entity   | Architecture    | Library | Info | Compiler Version          | Compilation Options
----------------------------------------------------------------------------------------------
q5_tb    | TB_ARCHITECTURE | hw1     |      | 13.0.375.8320 (Windows64) | -O3
q5       | qq5             | hw1     |      | 13.0.375.8320 (Windows64) | -O3
----------------------------------------------------------------------------------------------

----------------------------------------------------------------------------------------------
VHDL Package               | Library | Info | Compiler Version          | Compilation Options
----------------------------------------------------------------------------------------------
standard                   | std     |      |                           | <unavailable>
TEXTIO                     | std     |      | 13.0.375.8320 (Windows64) |  -2019
std_logic_1164             | ieee    |      | 13.0.375.8320 (Windows64) |  -2008
MATH_REAL                  | ieee    |      | 13.0.375.8320 (Windows64) | <unavailable>
my_complex                 | hw1     |      | 13.0.375.8320 (Windows64) | -O3
NUMERIC_STD                | ieee    |      | 13.0.375.8320 (Windows64) |  -2008
----------------------------------------------------------------------------------------------

----------------------------------------------------------------------------------------------
Library                    | Comment
----------------------------------------------------------------------------------------------
hw1                        | None
ieee                       | Standard IEEE packages library
std                        | Standard VHDL library
----------------------------------------------------------------------------------------------
