Active-HDL 13.0.375.8320 2023-06-26 13:36:22

Elaboration top modules:
Architecture                  TB_ARCHITECTURE(q4_tb)


----------------------------------------------------------------------------------------------
Entity   | Architecture    | Library | Info | Compiler Version          | Compilation Options
----------------------------------------------------------------------------------------------
q4_tb    | TB_ARCHITECTURE | q1      |      | 13.0.375.8320 (Windows64) | -O3
q4       | qq4             | q1      |      | 13.0.375.8320 (Windows64) | -O3
----------------------------------------------------------------------------------------------

----------------------------------------------------------------------------------------------
VHDL Package               | Library | Info | Compiler Version          | Compilation Options
----------------------------------------------------------------------------------------------
standard                   | std     |      |                           | <unavailable>
TEXTIO                     | std     |      | 13.0.375.8320 (Windows64) |  -2019
std_logic_1164             | ieee    |      | 13.0.375.8320 (Windows64) |  -2008
MATH_REAL                  | ieee    |      | 13.0.375.8320 (Windows64) | <unavailable>
NUMERIC_STD                | ieee    |      | 13.0.375.8320 (Windows64) |  -2008
----------------------------------------------------------------------------------------------

----------------------------------------------------------------------------------------------
Library                    | Comment
----------------------------------------------------------------------------------------------
ieee                       | Standard IEEE packages library
q1                         | None
std                        | Standard VHDL library
----------------------------------------------------------------------------------------------
